[0m22:35:25.460588 [debug] [MainThread]: Sending event: {'category': 'dbt', 'action': 'invocation', 'label': 'start', 'context': [<snowplow_tracker.self_describing_json.SelfDescribingJson object at 0x104283910>, <snowplow_tracker.self_describing_json.SelfDescribingJson object at 0x1042d8390>, <snowplow_tracker.self_describing_json.SelfDescribingJson object at 0x104283890>]}


============================== 22:35:25.462467 | fd1e3e70-c702-48f7-94a5-737d9fbabc15 ==============================
[0m22:35:25.462467 [info ] [MainThread]: Running with dbt=1.8.5
[0m22:35:25.462726 [debug] [MainThread]: running dbt with arguments {'printer_width': '80', 'indirect_selection': 'eager', 'log_cache_events': 'False', 'write_json': 'True', 'partial_parse': 'True', 'cache_selected_only': 'False', 'warn_error': 'None', 'version_check': 'True', 'profiles_dir': '/Users/curtbeck/.dbt', 'log_path': 'logs', 'fail_fast': 'False', 'debug': 'False', 'use_colors': 'True', 'use_experimental_parser': 'False', 'no_print': 'None', 'quiet': 'False', 'empty': 'None', 'log_format': 'default', 'static_parser': 'True', 'introspect': 'True', 'invocation_command': 'dbt init earningsdbttwo', 'target_path': 'None', 'warn_error_options': 'WarnErrorOptions(include=[], exclude=[])', 'send_anonymous_usage_stats': 'True'}
[0m22:35:25.466722 [debug] [MainThread]: Starter project path: /Users/curtbeck/Documents/earnings_dbt_project/virt_env/lib/python3.11/site-packages/dbt/include/starter_project
[0m22:35:25.468984 [info ] [MainThread]: 
Your new dbt project "earningsdbttwo" was created!

For more information on how to configure the profiles.yml file,
please consult the dbt documentation here:

  https://docs.getdbt.com/docs/configure-your-profile

One more thing:

Need help? Don't hesitate to reach out to us via GitHub issues or on Slack:

  https://community.getdbt.com/

Happy modeling!

[0m22:35:25.469209 [info ] [MainThread]: Setting up your profile.
[0m22:36:45.887619 [info ] [MainThread]: Profile earningsdbttwo written to /Users/curtbeck/.dbt/profiles.yml using target's profile_template.yml and your supplied values. Run 'dbt debug' to validate the connection.
[0m22:36:45.889710 [debug] [MainThread]: Resource report: {"command_name": "init", "command_success": true, "command_wall_clock_time": 80.45025, "process_user_time": 0.455758, "process_kernel_time": 0.079751, "process_mem_max_rss": "98861056", "process_in_blocks": "0", "process_out_blocks": "0"}
[0m22:36:45.890254 [debug] [MainThread]: Command `dbt init` succeeded at 22:36:45.890167 after 80.45 seconds
[0m22:36:45.890616 [debug] [MainThread]: Sending event: {'category': 'dbt', 'action': 'invocation', 'label': 'end', 'context': [<snowplow_tracker.self_describing_json.SelfDescribingJson object at 0x104284cd0>, <snowplow_tracker.self_describing_json.SelfDescribingJson object at 0x100455950>, <snowplow_tracker.self_describing_json.SelfDescribingJson object at 0x100598a10>]}
[0m22:36:45.890933 [debug] [MainThread]: Flushing usage events
[0m22:36:50.481599 [debug] [MainThread]: Sending event: {'category': 'dbt', 'action': 'invocation', 'label': 'start', 'context': [<snowplow_tracker.self_describing_json.SelfDescribingJson object at 0x105a87810>, <snowplow_tracker.self_describing_json.SelfDescribingJson object at 0x105aa57d0>, <snowplow_tracker.self_describing_json.SelfDescribingJson object at 0x105aa5cd0>]}


============================== 22:36:50.483645 | f5f3ed1a-a52b-4e89-a13e-0233aeb92866 ==============================
[0m22:36:50.483645 [info ] [MainThread]: Running with dbt=1.8.5
[0m22:36:50.483924 [debug] [MainThread]: running dbt with arguments {'printer_width': '80', 'indirect_selection': 'eager', 'write_json': 'True', 'log_cache_events': 'False', 'partial_parse': 'True', 'cache_selected_only': 'False', 'profiles_dir': '/Users/curtbeck/.dbt', 'version_check': 'True', 'debug': 'False', 'log_path': 'logs', 'warn_error': 'None', 'fail_fast': 'False', 'use_colors': 'True', 'use_experimental_parser': 'False', 'no_print': 'None', 'quiet': 'False', 'empty': 'None', 'warn_error_options': 'WarnErrorOptions(include=[], exclude=[])', 'static_parser': 'True', 'log_format': 'default', 'introspect': 'True', 'target_path': 'None', 'invocation_command': 'dbt debug', 'send_anonymous_usage_stats': 'True'}
[0m22:36:50.488032 [info ] [MainThread]: dbt version: 1.8.5
[0m22:36:50.488188 [info ] [MainThread]: python version: 3.11.3
[0m22:36:50.488324 [info ] [MainThread]: python path: /Users/curtbeck/Documents/earnings_dbt_project/virt_env/bin/python3.11
[0m22:36:50.488432 [info ] [MainThread]: os info: macOS-14.5-arm64-arm-64bit
[0m22:36:50.510918 [info ] [MainThread]: Error importing adapter: No module named 'dbt.adapters.snowflake'
[0m22:36:50.511565 [info ] [MainThread]: Using profiles dir at /Users/curtbeck/.dbt
[0m22:36:50.511693 [info ] [MainThread]: Using profiles.yml file at /Users/curtbeck/.dbt/profiles.yml
[0m22:36:50.511808 [info ] [MainThread]: Using dbt_project.yml file at /Users/curtbeck/Documents/earnings_dbt_project/dbt_project.yml
[0m22:36:50.511932 [info ] [MainThread]: Configuration:
[0m22:36:50.512055 [info ] [MainThread]:   profiles.yml file [[31mERROR invalid[0m]
[0m22:36:50.512206 [info ] [MainThread]:   dbt_project.yml file [[31mERROR not found[0m]
[0m22:36:50.512373 [info ] [MainThread]: Required dependencies:
[0m22:36:50.512526 [debug] [MainThread]: Executing "git --help"
[0m22:36:50.536577 [debug] [MainThread]: STDOUT: "b"usage: git [--version] [--help] [-C <path>] [-c <name>=<value>]\n           [--exec-path[=<path>]] [--html-path] [--man-path] [--info-path]\n           [-p | --paginate | -P | --no-pager] [--no-replace-objects] [--bare]\n           [--git-dir=<path>] [--work-tree=<path>] [--namespace=<name>]\n           <command> [<args>]\n\nThese are common Git commands used in various situations:\n\nstart a working area (see also: git help tutorial)\n   clone             Clone a repository into a new directory\n   init              Create an empty Git repository or reinitialize an existing one\n\nwork on the current change (see also: git help everyday)\n   add               Add file contents to the index\n   mv                Move or rename a file, a directory, or a symlink\n   restore           Restore working tree files\n   rm                Remove files from the working tree and from the index\n   sparse-checkout   Initialize and modify the sparse-checkout\n\nexamine the history and state (see also: git help revisions)\n   bisect            Use binary search to find the commit that introduced a bug\n   diff              Show changes between commits, commit and working tree, etc\n   grep              Print lines matching a pattern\n   log               Show commit logs\n   show              Show various types of objects\n   status            Show the working tree status\n\ngrow, mark and tweak your common history\n   branch            List, create, or delete branches\n   commit            Record changes to the repository\n   merge             Join two or more development histories together\n   rebase            Reapply commits on top of another base tip\n   reset             Reset current HEAD to the specified state\n   switch            Switch branches\n   tag               Create, list, delete or verify a tag object signed with GPG\n\ncollaborate (see also: git help workflows)\n   fetch             Download objects and refs from another repository\n   pull              Fetch from and integrate with another repository or a local branch\n   push              Update remote refs along with associated objects\n\n'git help -a' and 'git help -g' list available subcommands and some\nconcept guides. See 'git help <command>' or 'git help <concept>'\nto read about a specific subcommand or concept.\nSee 'git help git' for an overview of the system.\n""
[0m22:36:50.537036 [debug] [MainThread]: STDERR: "b''"
[0m22:36:50.537172 [info ] [MainThread]:  - git [[32mOK found[0m]

[0m22:36:50.537309 [info ] [MainThread]: Connection test skipped since no profile was found
[0m22:36:50.537485 [info ] [MainThread]: [31m2 checks failed:[0m
[0m22:36:50.537596 [info ] [MainThread]: Could not load dbt_project.yml
Profile loading failed for the following reason:
Runtime Error
  Credentials in profile "dbtlearn", target "dev" invalid: Runtime Error
    Could not find adapter type snowflake!


[0m22:36:50.537716 [info ] [MainThread]: Project loading failed for the following reason:
 project path </Users/curtbeck/Documents/earnings_dbt_project/dbt_project.yml> not found

[0m22:36:50.538519 [debug] [MainThread]: Resource report: {"command_name": "debug", "command_wall_clock_time": 0.07857042, "process_user_time": 0.456278, "process_kernel_time": 0.071839, "process_mem_max_rss": "99729408", "command_success": false, "process_in_blocks": "0", "process_out_blocks": "0"}
[0m22:36:50.538796 [debug] [MainThread]: Command `dbt debug` failed at 22:36:50.538744 after 0.08 seconds
[0m22:36:50.539005 [debug] [MainThread]: Sending event: {'category': 'dbt', 'action': 'invocation', 'label': 'end', 'context': [<snowplow_tracker.self_describing_json.SelfDescribingJson object at 0x105ab9ed0>, <snowplow_tracker.self_describing_json.SelfDescribingJson object at 0x1055c4210>, <snowplow_tracker.self_describing_json.SelfDescribingJson object at 0x105aa5f10>]}
[0m22:36:50.539190 [debug] [MainThread]: Flushing usage events
[0m22:43:32.423184 [debug] [MainThread]: Sending event: {'category': 'dbt', 'action': 'invocation', 'label': 'start', 'context': [<snowplow_tracker.self_describing_json.SelfDescribingJson object at 0x108230fd0>, <snowplow_tracker.self_describing_json.SelfDescribingJson object at 0x108261410>, <snowplow_tracker.self_describing_json.SelfDescribingJson object at 0x108230b50>]}


============================== 22:43:32.425563 | d1062622-a0f2-475d-816c-cb3691a3313e ==============================
[0m22:43:32.425563 [info ] [MainThread]: Running with dbt=1.8.5
[0m22:43:32.425866 [debug] [MainThread]: running dbt with arguments {'printer_width': '80', 'indirect_selection': 'eager', 'write_json': 'True', 'log_cache_events': 'False', 'partial_parse': 'True', 'cache_selected_only': 'False', 'profiles_dir': '/Users/curtbeck/.dbt', 'fail_fast': 'False', 'debug': 'False', 'log_path': 'logs', 'version_check': 'True', 'warn_error': 'None', 'use_colors': 'True', 'use_experimental_parser': 'False', 'empty': 'None', 'quiet': 'False', 'no_print': 'None', 'log_format': 'default', 'invocation_command': 'dbt debug', 'static_parser': 'True', 'introspect': 'True', 'target_path': 'None', 'warn_error_options': 'WarnErrorOptions(include=[], exclude=[])', 'send_anonymous_usage_stats': 'True'}
[0m22:43:32.429866 [info ] [MainThread]: dbt version: 1.8.5
[0m22:43:32.430017 [info ] [MainThread]: python version: 3.11.3
[0m22:43:32.430162 [info ] [MainThread]: python path: /Users/curtbeck/Documents/earnings_dbt_project/virt_env/bin/python3.11
[0m22:43:32.430281 [info ] [MainThread]: os info: macOS-14.5-arm64-arm-64bit
[0m22:43:32.451274 [info ] [MainThread]: Error importing adapter: No module named 'dbt.adapters.snowflake'
[0m22:43:32.451905 [info ] [MainThread]: Using profiles dir at /Users/curtbeck/.dbt
[0m22:43:32.452041 [info ] [MainThread]: Using profiles.yml file at /Users/curtbeck/.dbt/profiles.yml
[0m22:43:32.452158 [info ] [MainThread]: Using dbt_project.yml file at /Users/curtbeck/Documents/earnings_dbt_project/dbt_project.yml
[0m22:43:32.452279 [info ] [MainThread]: Configuration:
[0m22:43:32.452390 [info ] [MainThread]:   profiles.yml file [[31mERROR invalid[0m]
[0m22:43:32.452500 [info ] [MainThread]:   dbt_project.yml file [[31mERROR not found[0m]
[0m22:43:32.452617 [info ] [MainThread]: Required dependencies:
[0m22:43:32.452753 [debug] [MainThread]: Executing "git --help"
[0m22:43:32.463947 [debug] [MainThread]: STDOUT: "b"usage: git [--version] [--help] [-C <path>] [-c <name>=<value>]\n           [--exec-path[=<path>]] [--html-path] [--man-path] [--info-path]\n           [-p | --paginate | -P | --no-pager] [--no-replace-objects] [--bare]\n           [--git-dir=<path>] [--work-tree=<path>] [--namespace=<name>]\n           <command> [<args>]\n\nThese are common Git commands used in various situations:\n\nstart a working area (see also: git help tutorial)\n   clone             Clone a repository into a new directory\n   init              Create an empty Git repository or reinitialize an existing one\n\nwork on the current change (see also: git help everyday)\n   add               Add file contents to the index\n   mv                Move or rename a file, a directory, or a symlink\n   restore           Restore working tree files\n   rm                Remove files from the working tree and from the index\n   sparse-checkout   Initialize and modify the sparse-checkout\n\nexamine the history and state (see also: git help revisions)\n   bisect            Use binary search to find the commit that introduced a bug\n   diff              Show changes between commits, commit and working tree, etc\n   grep              Print lines matching a pattern\n   log               Show commit logs\n   show              Show various types of objects\n   status            Show the working tree status\n\ngrow, mark and tweak your common history\n   branch            List, create, or delete branches\n   commit            Record changes to the repository\n   merge             Join two or more development histories together\n   rebase            Reapply commits on top of another base tip\n   reset             Reset current HEAD to the specified state\n   switch            Switch branches\n   tag               Create, list, delete or verify a tag object signed with GPG\n\ncollaborate (see also: git help workflows)\n   fetch             Download objects and refs from another repository\n   pull              Fetch from and integrate with another repository or a local branch\n   push              Update remote refs along with associated objects\n\n'git help -a' and 'git help -g' list available subcommands and some\nconcept guides. See 'git help <command>' or 'git help <concept>'\nto read about a specific subcommand or concept.\nSee 'git help git' for an overview of the system.\n""
[0m22:43:32.464472 [debug] [MainThread]: STDERR: "b''"
[0m22:43:32.464632 [info ] [MainThread]:  - git [[32mOK found[0m]

[0m22:43:32.464773 [info ] [MainThread]: Connection test skipped since no profile was found
[0m22:43:32.464951 [info ] [MainThread]: [31m2 checks failed:[0m
[0m22:43:32.465062 [info ] [MainThread]: Could not load dbt_project.yml
Profile loading failed for the following reason:
Runtime Error
  Credentials in profile "dbtlearn", target "dev" invalid: Runtime Error
    Could not find adapter type snowflake!


[0m22:43:32.465180 [info ] [MainThread]: Project loading failed for the following reason:
 project path </Users/curtbeck/Documents/earnings_dbt_project/dbt_project.yml> not found

[0m22:43:32.466038 [debug] [MainThread]: Resource report: {"command_name": "debug", "command_wall_clock_time": 0.06359367, "process_user_time": 0.445577, "process_kernel_time": 0.073473, "process_mem_max_rss": "97959936", "command_success": false, "process_in_blocks": "0", "process_out_blocks": "0"}
[0m22:43:32.466321 [debug] [MainThread]: Command `dbt debug` failed at 22:43:32.466276 after 0.06 seconds
[0m22:43:32.466588 [debug] [MainThread]: Sending event: {'category': 'dbt', 'action': 'invocation', 'label': 'end', 'context': [<snowplow_tracker.self_describing_json.SelfDescribingJson object at 0x108275c10>, <snowplow_tracker.self_describing_json.SelfDescribingJson object at 0x1081f8b10>, <snowplow_tracker.self_describing_json.SelfDescribingJson object at 0x106f1ba10>]}
[0m22:43:32.466827 [debug] [MainThread]: Flushing usage events
[0m22:44:14.039630 [debug] [MainThread]: Sending event: {'category': 'dbt', 'action': 'invocation', 'label': 'start', 'context': [<snowplow_tracker.self_describing_json.SelfDescribingJson object at 0x111b3d650>, <snowplow_tracker.self_describing_json.SelfDescribingJson object at 0x111b78950>, <snowplow_tracker.self_describing_json.SelfDescribingJson object at 0x111ba5ad0>]}


============================== 22:44:14.041424 | adde1c1c-c27a-421e-9154-afbddf913741 ==============================
[0m22:44:14.041424 [info ] [MainThread]: Running with dbt=1.8.5
[0m22:44:14.041693 [debug] [MainThread]: running dbt with arguments {'printer_width': '80', 'indirect_selection': 'eager', 'log_cache_events': 'False', 'write_json': 'True', 'partial_parse': 'True', 'cache_selected_only': 'False', 'profiles_dir': '/Users/curtbeck/.dbt', 'version_check': 'True', 'fail_fast': 'False', 'log_path': 'logs', 'warn_error': 'None', 'debug': 'False', 'use_colors': 'True', 'use_experimental_parser': 'False', 'no_print': 'None', 'quiet': 'False', 'empty': 'None', 'warn_error_options': 'WarnErrorOptions(include=[], exclude=[])', 'invocation_command': 'dbt debug', 'log_format': 'default', 'static_parser': 'True', 'target_path': 'None', 'introspect': 'True', 'send_anonymous_usage_stats': 'True'}
[0m22:44:14.045478 [info ] [MainThread]: dbt version: 1.8.5
[0m22:44:14.045625 [info ] [MainThread]: python version: 3.11.3
[0m22:44:14.045770 [info ] [MainThread]: python path: /Users/curtbeck/Documents/earnings_dbt_project/virt_env/bin/python3.11
[0m22:44:14.046058 [info ] [MainThread]: os info: macOS-14.5-arm64-arm-64bit
[0m22:44:14.068845 [info ] [MainThread]: Error importing adapter: No module named 'dbt.adapters.snowflake'
[0m22:44:14.069549 [info ] [MainThread]: Using profiles dir at /Users/curtbeck/.dbt
[0m22:44:14.069687 [info ] [MainThread]: Using profiles.yml file at /Users/curtbeck/.dbt/profiles.yml
[0m22:44:14.069805 [info ] [MainThread]: Using dbt_project.yml file at /Users/curtbeck/Documents/earnings_dbt_project/dbt_project.yml
[0m22:44:14.069918 [info ] [MainThread]: Configuration:
[0m22:44:14.070031 [info ] [MainThread]:   profiles.yml file [[31mERROR invalid[0m]
[0m22:44:14.070137 [info ] [MainThread]:   dbt_project.yml file [[31mERROR not found[0m]
[0m22:44:14.070237 [info ] [MainThread]: Required dependencies:
[0m22:44:14.070363 [debug] [MainThread]: Executing "git --help"
[0m22:44:14.081709 [debug] [MainThread]: STDOUT: "b"usage: git [--version] [--help] [-C <path>] [-c <name>=<value>]\n           [--exec-path[=<path>]] [--html-path] [--man-path] [--info-path]\n           [-p | --paginate | -P | --no-pager] [--no-replace-objects] [--bare]\n           [--git-dir=<path>] [--work-tree=<path>] [--namespace=<name>]\n           <command> [<args>]\n\nThese are common Git commands used in various situations:\n\nstart a working area (see also: git help tutorial)\n   clone             Clone a repository into a new directory\n   init              Create an empty Git repository or reinitialize an existing one\n\nwork on the current change (see also: git help everyday)\n   add               Add file contents to the index\n   mv                Move or rename a file, a directory, or a symlink\n   restore           Restore working tree files\n   rm                Remove files from the working tree and from the index\n   sparse-checkout   Initialize and modify the sparse-checkout\n\nexamine the history and state (see also: git help revisions)\n   bisect            Use binary search to find the commit that introduced a bug\n   diff              Show changes between commits, commit and working tree, etc\n   grep              Print lines matching a pattern\n   log               Show commit logs\n   show              Show various types of objects\n   status            Show the working tree status\n\ngrow, mark and tweak your common history\n   branch            List, create, or delete branches\n   commit            Record changes to the repository\n   merge             Join two or more development histories together\n   rebase            Reapply commits on top of another base tip\n   reset             Reset current HEAD to the specified state\n   switch            Switch branches\n   tag               Create, list, delete or verify a tag object signed with GPG\n\ncollaborate (see also: git help workflows)\n   fetch             Download objects and refs from another repository\n   pull              Fetch from and integrate with another repository or a local branch\n   push              Update remote refs along with associated objects\n\n'git help -a' and 'git help -g' list available subcommands and some\nconcept guides. See 'git help <command>' or 'git help <concept>'\nto read about a specific subcommand or concept.\nSee 'git help git' for an overview of the system.\n""
[0m22:44:14.082163 [debug] [MainThread]: STDERR: "b''"
[0m22:44:14.082306 [info ] [MainThread]:  - git [[32mOK found[0m]

[0m22:44:14.082442 [info ] [MainThread]: Connection test skipped since no profile was found
[0m22:44:14.082645 [info ] [MainThread]: [31m2 checks failed:[0m
[0m22:44:14.082755 [info ] [MainThread]: Could not load dbt_project.yml
Profile loading failed for the following reason:
Runtime Error
  Credentials in profile "dbtlearn", target "dev" invalid: Runtime Error
    Could not find adapter type snowflake!


[0m22:44:14.082877 [info ] [MainThread]: Project loading failed for the following reason:
 project path </Users/curtbeck/Documents/earnings_dbt_project/dbt_project.yml> not found

[0m22:44:14.083767 [debug] [MainThread]: Resource report: {"command_name": "debug", "command_wall_clock_time": 0.06514508, "process_user_time": 0.450102, "process_kernel_time": 0.067023, "process_mem_max_rss": "99254272", "command_success": false, "process_in_blocks": "0", "process_out_blocks": "0"}
[0m22:44:14.084175 [debug] [MainThread]: Command `dbt debug` failed at 22:44:14.084120 after 0.07 seconds
[0m22:44:14.084411 [debug] [MainThread]: Sending event: {'category': 'dbt', 'action': 'invocation', 'label': 'end', 'context': [<snowplow_tracker.self_describing_json.SelfDescribingJson object at 0x111bb97d0>, <snowplow_tracker.self_describing_json.SelfDescribingJson object at 0x111b3cb90>, <snowplow_tracker.self_describing_json.SelfDescribingJson object at 0x111a04d90>]}
[0m22:44:14.084604 [debug] [MainThread]: Flushing usage events
